Using pre-set license
Built from '2020.2/staging' branch; Version is '2020.2.7f1 (c53830e277f1) revision 12924976'; Using compiler version '192528614'; Build Type 'Release'
OS: 'Windows 10 Pro; OS build 18363.1440; Version 1909; 64bit' Language: 'en' Physical Memory: 8088 MB
BatchMode: 1, IsHumanControllingUs: 0, StartBugReporterOnCrash: 0, Is64bit: 1, IsPro: 0

 COMMAND LINE ARGUMENTS:
C:\Program Files\Unity\Editor\Unity.exe
-adb2
-batchMode
-noUpm
-name
AssetImportWorker0
-projectPath
C:/Users/Elnaz/Desktop/BattleOlDolleh-EHM
-logFile
Logs/AssetImportWorker0.log
-srvPort
51323
Successfully changed project path to: C:/Users/Elnaz/Desktop/BattleOlDolleh-EHM
C:/Users/Elnaz/Desktop/BattleOlDolleh-EHM
Using Asset Import Pipeline V2.
Refreshing native plugins compatible for Editor in 61.35 ms, found 1 plugins.
Preloading 0 native plugins for Editor in 0.00 ms.
Initialize engine version: 2020.2.7f1 (c53830e277f1)
[Subsystems] Discovering subsystems at path C:/Program Files/Unity/Editor/Data/Resources/UnitySubsystems
[Subsystems] Discovering subsystems at path C:/Users/Elnaz/Desktop/BattleOlDolleh-EHM/Assets
GfxDevice: creating device client; threaded=0
Direct3D:
    Version:  Direct3D 11.0 [level 11.0]
    Renderer: NVIDIA GeForce 840M (ID=0x1341)
    Vendor:   
    VRAM:     4065 MB
    Driver:   21.21.13.7654
Initialize mono
Mono path[0] = 'C:/Program Files/Unity/Editor/Data/Managed'
Mono path[1] = 'C:/Program Files/Unity/Editor/Data/MonoBleedingEdge/lib/mono/unityjit'
Mono config path = 'C:/Program Files/Unity/Editor/Data/MonoBleedingEdge/etc'
Using monoOptions --debugger-agent=transport=dt_socket,embedding=1,server=y,suspend=n,address=127.0.0.1:56516
Begin MonoManager ReloadAssembly
Registering precompiled unity dll's ...
Register platform support module: C:/Program Files/Unity/Editor/Data/PlaybackEngines/WindowsStandaloneSupport/UnityEditor.WindowsStandalone.Extensions.dll
Registered in 0.001580 seconds.
Native extension for WindowsStandalone target not found
Refreshing native plugins compatible for Editor in 45.05 ms, found 1 plugins.
Preloading 0 native plugins for Editor in 0.00 ms.
Invoked RoslynAnalysisRunner static constructor.
RoslynAnalysisRunner will not be running.
RoslynAnalysisRunner has terminated.
Mono: successfully reloaded assembly
- Completed reload, in  1.436 seconds
Platform modules already initialized, skipping
Registering precompiled user dll's ...
Registered in 0.001089 seconds.
Begin MonoManager ReloadAssembly
Native extension for WindowsStandalone target not found
Refreshing native plugins compatible for Editor in 48.54 ms, found 1 plugins.
Preloading 0 native plugins for Editor in 0.00 ms.
Invoked RoslynAnalysisRunner static constructor.
RoslynAnalysisRunner will not be running.
RoslynAnalysisRunner has terminated.
Mono: successfully reloaded assembly
- Completed reload, in  1.298 seconds
Platform modules already initialized, skipping
========================================================================
Worker process is ready to serve import requests
Launched and connected shader compiler UnityShaderCompiler.exe after 0.16 seconds
Refreshing native plugins compatible for Editor in 0.41 ms, found 1 plugins.
Preloading 0 native plugins for Editor in 0.00 ms.
Unloading 1806 Unused Serialized files (Serialized files now loaded: 0)
System memory in use before: 84.7 MB.
System memory in use after: 84.6 MB.

Unloading 24 unused Assets to reduce memory usage. Loaded Objects now: 2249.
Total: 3.077400 ms (FindLiveObjects: 0.255800 ms CreateObjectMapping: 0.121800 ms MarkObjects: 2.518500 ms  DeleteObjects: 0.179800 ms)

========================================================================
Received Import Request.
  path: Assets/UI Elements/Atlas/Jackpot.png
  artifactKey: Guid(7d73f6e8165cb8f4087c77d91185a92d) Importer(815301076,1909f56bfc062723c751e8b465ee728b)
Start importing Assets/UI Elements/Atlas/Jackpot.png using Guid(7d73f6e8165cb8f4087c77d91185a92d) Importer(815301076,1909f56bfc062723c751e8b465ee728b)  -> (artifact id: '7f263338caf954bd79184cc40ed4d4f5') in 0.444996 seconds
  Import took 0.470851 seconds .

========================================================================
Received Import Request.
  Time since last request: 63.381958 seconds.
  path: Assets/UI Elements/Atlas/JackPot.png
  artifactKey: Guid(7d73f6e8165cb8f4087c77d91185a92d) Importer(815301076,1909f56bfc062723c751e8b465ee728b)
Start importing Assets/UI Elements/Atlas/JackPot.png using Guid(7d73f6e8165cb8f4087c77d91185a92d) Importer(815301076,1909f56bfc062723c751e8b465ee728b)  -> (artifact id: 'fed75f270b750f86475a8f4399fbe916') in 0.079790 seconds
  Import took 0.101611 seconds .

AssetImportWorkerClient::OnTransportError - code=2 error=End of file
